<?xml version="1.0" encoding="UTF-8"?>
<!-- Generated by org.testng.reporters.JUnitXMLReporter -->
<testsuite hostname="SurajPC" ignored="0" name="Test 1" tests="20" failures="0" timestamp="23 May 2019 22:49:41 GMT" time="7.609" errors="0">
  <testcase name="test" time="4.297" classname="TestCases.DataProviderTest"/>
  <testcase name="test" time="2.265" classname="TestCases.DataProviderTest"/>
  <testcase name="Test1" time="0.0" classname="TestCases.DataProviderWithExcelTest"/>
  <testcase name="Test1" time="0.0" classname="TestCases.DataProviderWithExcelTest"/>
  <testcase name="Test1" time="0.015" classname="TestCases.DataProviderWithExcelTest"/>
  <testcase name="Test1" time="0.0" classname="TestCases.DataProviderWithExcelTest"/>
  <testcase name="Test1" time="0.0" classname="TestCases.DataProviderWithExcelTest"/>
  <testcase name="Test1" time="0.0" classname="TestCases.DataProviderWithExcelTest"/>
  <testcase name="Test1" time="0.0" classname="TestCases.DataProviderWithExcelTest"/>
  <testcase name="Test1" time="0.016" classname="TestCases.DataProviderWithExcelTest"/>
  <testcase name="Test1" time="0.0" classname="TestCases.DataProviderWithExcelTest"/>
  <testcase name="Test2" time="0.0" classname="TestCases.DataProviderWithExcelTest"/>
  <testcase name="Test2" time="0.0" classname="TestCases.DataProviderWithExcelTest"/>
  <testcase name="Test2" time="0.0" classname="TestCases.DataProviderWithExcelTest"/>
  <testcase name="Test2" time="0.0" classname="TestCases.DataProviderWithExcelTest"/>
  <testcase name="Test2" time="0.0" classname="TestCases.DataProviderWithExcelTest"/>
  <testcase name="Test2" time="0.0" classname="TestCases.DataProviderWithExcelTest"/>
  <testcase name="Test2" time="0.0" classname="TestCases.DataProviderWithExcelTest"/>
  <testcase name="Test2" time="0.0" classname="TestCases.DataProviderWithExcelTest"/>
  <testcase name="Test2" time="0.0" classname="TestCases.DataProviderWithExcelTest"/>
</testsuite> <!-- Test 1 -->
