<?xml version="1.0" encoding="UTF-8"?>
<!-- Generated by org.testng.reporters.JUnitXMLReporter -->
<testsuite hostname="SurajPC" ignored="0" name="Test 3" tests="18" failures="0" timestamp="23 May 2019 22:49:46 GMT" time="0.156" errors="0">
  <testcase name="Test1" time="0.0" classname="TestCases.DataProviderWithExcelTest"/>
  <testcase name="Test1" time="0.0" classname="TestCases.DataProviderWithExcelTest"/>
  <testcase name="Test1" time="0.0" classname="TestCases.DataProviderWithExcelTest"/>
  <testcase name="Test1" time="0.0" classname="TestCases.DataProviderWithExcelTest"/>
  <testcase name="Test1" time="0.0" classname="TestCases.DataProviderWithExcelTest"/>
  <testcase name="Test1" time="0.0" classname="TestCases.DataProviderWithExcelTest"/>
  <testcase name="Test1" time="0.0" classname="TestCases.DataProviderWithExcelTest"/>
  <testcase name="Test1" time="0.0" classname="TestCases.DataProviderWithExcelTest"/>
  <testcase name="Test1" time="0.0" classname="TestCases.DataProviderWithExcelTest"/>
  <testcase name="Test2" time="0.0" classname="TestCases.DataProviderWithExcelTest"/>
  <testcase name="Test2" time="0.0" classname="TestCases.DataProviderWithExcelTest"/>
  <testcase name="Test2" time="0.0" classname="TestCases.DataProviderWithExcelTest"/>
  <testcase name="Test2" time="0.0" classname="TestCases.DataProviderWithExcelTest"/>
  <testcase name="Test2" time="0.0" classname="TestCases.DataProviderWithExcelTest"/>
  <testcase name="Test2" time="0.0" classname="TestCases.DataProviderWithExcelTest"/>
  <testcase name="Test2" time="0.0" classname="TestCases.DataProviderWithExcelTest"/>
  <testcase name="Test2" time="0.0" classname="TestCases.DataProviderWithExcelTest"/>
  <testcase name="Test2" time="0.0" classname="TestCases.DataProviderWithExcelTest"/>
</testsuite> <!-- Test 3 -->
